[2024-09-21T00:40:53.710+0000] {manager.py:483} INFO - Processing files using up to 1 processes at a time 
[2024-09-21T00:40:53.725+0000] {manager.py:484} INFO - Process each file at most once every 30 seconds
[2024-09-21T00:40:53.727+0000] {manager.py:485} INFO - Checking for new files in /opt/airflow/dags every 300 seconds
[2024-09-21T00:40:53.728+0000] {manager.py:821} INFO - Searching for files in /opt/airflow/dags
[2024-09-21T00:40:53.738+0000] {manager.py:824} INFO - There are 0 files in /opt/airflow/dags
[2024-09-21T00:45:54.591+0000] {manager.py:821} INFO - Searching for files in /opt/airflow/dags
[2024-09-21T00:45:54.594+0000] {manager.py:824} INFO - There are 0 files in /opt/airflow/dags
[2024-09-21T00:50:54.635+0000] {manager.py:821} INFO - Searching for files in /opt/airflow/dags
[2024-09-21T00:50:54.637+0000] {manager.py:824} INFO - There are 0 files in /opt/airflow/dags
[2024-09-21T02:14:41.666+0000] {manager.py:821} INFO - Searching for files in /opt/airflow/dags
[2024-09-21T02:14:41.817+0000] {manager.py:824} INFO - There are 0 files in /opt/airflow/dags
[2024-09-21T02:19:42.574+0000] {manager.py:821} INFO - Searching for files in /opt/airflow/dags
[2024-09-21T02:19:42.579+0000] {manager.py:824} INFO - There are 0 files in /opt/airflow/dags
[2024-09-21T02:24:42.614+0000] {manager.py:821} INFO - Searching for files in /opt/airflow/dags
[2024-09-21T02:24:42.617+0000] {manager.py:824} INFO - There are 0 files in /opt/airflow/dags
[2024-09-21T02:29:44.234+0000] {manager.py:821} INFO - Searching for files in /opt/airflow/dags
[2024-09-21T02:29:44.243+0000] {manager.py:824} INFO - There are 0 files in /opt/airflow/dags
[2024-09-21T02:34:44.682+0000] {manager.py:821} INFO - Searching for files in /opt/airflow/dags
[2024-09-21T02:34:44.685+0000] {manager.py:824} INFO - There are 0 files in /opt/airflow/dags
[2024-09-21T02:39:44.754+0000] {manager.py:821} INFO - Searching for files in /opt/airflow/dags
[2024-09-21T02:39:44.759+0000] {manager.py:824} INFO - There are 0 files in /opt/airflow/dags
[2024-09-21T02:44:44.890+0000] {manager.py:821} INFO - Searching for files in /opt/airflow/dags
[2024-09-21T02:44:44.893+0000] {manager.py:824} INFO - There are 0 files in /opt/airflow/dags
[2024-09-21T02:49:46.290+0000] {manager.py:821} INFO - Searching for files in /opt/airflow/dags
[2024-09-21T02:49:46.297+0000] {manager.py:824} INFO - There are 0 files in /opt/airflow/dags
[2024-09-21T18:40:53.112+0000] {manager.py:483} INFO - Processing files using up to 1 processes at a time 
[2024-09-21T18:40:53.114+0000] {manager.py:484} INFO - Process each file at most once every 30 seconds
[2024-09-21T18:40:53.114+0000] {manager.py:485} INFO - Checking for new files in /opt/airflow/dags every 300 seconds
[2024-09-21T18:40:53.115+0000] {manager.py:821} INFO - Searching for files in /opt/airflow/dags
[2024-09-21T18:40:53.117+0000] {manager.py:824} INFO - There are 0 files in /opt/airflow/dags
[2024-09-21T18:45:53.942+0000] {manager.py:821} INFO - Searching for files in /opt/airflow/dags
[2024-09-21T18:45:53.951+0000] {manager.py:824} INFO - There are 0 files in /opt/airflow/dags
[2024-09-21T18:50:54.490+0000] {manager.py:821} INFO - Searching for files in /opt/airflow/dags
[2024-09-21T18:50:54.493+0000] {manager.py:824} INFO - There are 0 files in /opt/airflow/dags
[2024-09-21T18:55:54.983+0000] {manager.py:821} INFO - Searching for files in /opt/airflow/dags
[2024-09-21T18:55:54.988+0000] {manager.py:824} INFO - There are 0 files in /opt/airflow/dags
[2024-09-21T19:03:15.365+0000] {manager.py:483} INFO - Processing files using up to 1 processes at a time 
[2024-09-21T19:03:15.377+0000] {manager.py:484} INFO - Process each file at most once every 30 seconds
[2024-09-21T19:03:15.385+0000] {manager.py:485} INFO - Checking for new files in /opt/airflow/dags every 300 seconds
[2024-09-21T19:03:15.392+0000] {manager.py:821} INFO - Searching for files in /opt/airflow/dags
[2024-09-21T19:03:15.396+0000] {manager.py:824} INFO - There are 0 files in /opt/airflow/dags
[2024-09-21T19:08:17.432+0000] {manager.py:821} INFO - Searching for files in /opt/airflow/dags
[2024-09-21T19:08:17.437+0000] {manager.py:824} INFO - There are 0 files in /opt/airflow/dags
[2024-09-21T19:13:17.630+0000] {manager.py:821} INFO - Searching for files in /opt/airflow/dags
[2024-09-21T19:13:17.633+0000] {manager.py:824} INFO - There are 0 files in /opt/airflow/dags
[2024-09-21T19:18:18.427+0000] {manager.py:821} INFO - Searching for files in /opt/airflow/dags
[2024-09-21T19:18:18.432+0000] {manager.py:824} INFO - There are 0 files in /opt/airflow/dags
[2024-09-21T19:23:19.838+0000] {manager.py:821} INFO - Searching for files in /opt/airflow/dags
[2024-09-21T19:23:19.840+0000] {manager.py:824} INFO - There are 0 files in /opt/airflow/dags
[2024-09-21T21:17:15.999+0000] {manager.py:821} INFO - Searching for files in /opt/airflow/dags
[2024-09-21T21:17:16.220+0000] {manager.py:824} INFO - There are 0 files in /opt/airflow/dags
[2024-09-21T21:22:16.493+0000] {manager.py:821} INFO - Searching for files in /opt/airflow/dags
[2024-09-21T21:22:16.522+0000] {manager.py:824} INFO - There are 0 files in /opt/airflow/dags
[2024-09-21T21:27:17.519+0000] {manager.py:821} INFO - Searching for files in /opt/airflow/dags
[2024-09-21T21:27:17.523+0000] {manager.py:824} INFO - There are 0 files in /opt/airflow/dags
[2024-09-21T21:32:18.593+0000] {manager.py:821} INFO - Searching for files in /opt/airflow/dags
[2024-09-21T21:32:18.595+0000] {manager.py:824} INFO - There are 0 files in /opt/airflow/dags
[2024-09-21T21:37:21.088+0000] {manager.py:821} INFO - Searching for files in /opt/airflow/dags
[2024-09-21T21:37:21.118+0000] {manager.py:824} INFO - There are 0 files in /opt/airflow/dags
[2024-09-21T21:42:21.539+0000] {manager.py:821} INFO - Searching for files in /opt/airflow/dags
[2024-09-21T21:42:21.542+0000] {manager.py:824} INFO - There are 0 files in /opt/airflow/dags
[2024-09-21T21:47:22.679+0000] {manager.py:821} INFO - Searching for files in /opt/airflow/dags
[2024-09-21T21:47:22.681+0000] {manager.py:824} INFO - There are 0 files in /opt/airflow/dags
[2024-09-21T21:52:22.713+0000] {manager.py:821} INFO - Searching for files in /opt/airflow/dags
[2024-09-21T21:52:22.720+0000] {manager.py:824} INFO - There are 0 files in /opt/airflow/dags
[2024-09-21T21:57:23.790+0000] {manager.py:821} INFO - Searching for files in /opt/airflow/dags
[2024-09-21T21:57:23.793+0000] {manager.py:824} INFO - There are 0 files in /opt/airflow/dags
[2024-09-21T22:02:24.743+0000] {manager.py:821} INFO - Searching for files in /opt/airflow/dags
[2024-09-21T22:02:24.745+0000] {manager.py:824} INFO - There are 0 files in /opt/airflow/dags
[2024-09-21T22:07:25.435+0000] {manager.py:821} INFO - Searching for files in /opt/airflow/dags
[2024-09-21T22:07:25.440+0000] {manager.py:824} INFO - There are 0 files in /opt/airflow/dags
[2024-09-21T22:12:27.636+0000] {manager.py:821} INFO - Searching for files in /opt/airflow/dags
[2024-09-21T22:12:27.639+0000] {manager.py:824} INFO - There are 0 files in /opt/airflow/dags
[2024-09-21T22:17:31.562+0000] {manager.py:821} INFO - Searching for files in /opt/airflow/dags
[2024-09-21T22:17:31.594+0000] {manager.py:824} INFO - There are 0 files in /opt/airflow/dags
[2024-09-21T22:22:32.610+0000] {manager.py:821} INFO - Searching for files in /opt/airflow/dags
[2024-09-21T22:22:32.616+0000] {manager.py:824} INFO - There are 0 files in /opt/airflow/dags
[2024-09-21T22:27:33.176+0000] {manager.py:821} INFO - Searching for files in /opt/airflow/dags
[2024-09-21T22:27:33.180+0000] {manager.py:824} INFO - There are 0 files in /opt/airflow/dags
[2024-09-21T22:32:34.421+0000] {manager.py:821} INFO - Searching for files in /opt/airflow/dags
[2024-09-21T22:32:34.424+0000] {manager.py:824} INFO - There are 0 files in /opt/airflow/dags
[2024-09-21T22:37:34.567+0000] {manager.py:821} INFO - Searching for files in /opt/airflow/dags
[2024-09-21T22:37:34.574+0000] {manager.py:824} INFO - There are 0 files in /opt/airflow/dags
[2024-09-21T22:42:35.014+0000] {manager.py:821} INFO - Searching for files in /opt/airflow/dags
[2024-09-21T22:42:35.016+0000] {manager.py:824} INFO - There are 0 files in /opt/airflow/dags
[2024-09-21T22:47:35.201+0000] {manager.py:821} INFO - Searching for files in /opt/airflow/dags
[2024-09-21T22:47:35.209+0000] {manager.py:824} INFO - There are 0 files in /opt/airflow/dags
[2024-09-21T22:52:36.395+0000] {manager.py:821} INFO - Searching for files in /opt/airflow/dags
[2024-09-21T22:52:36.400+0000] {manager.py:824} INFO - There are 0 files in /opt/airflow/dags
[2024-09-21T22:57:36.587+0000] {manager.py:821} INFO - Searching for files in /opt/airflow/dags
[2024-09-21T22:57:36.594+0000] {manager.py:824} INFO - There are 0 files in /opt/airflow/dags
[2024-09-21T23:02:37.534+0000] {manager.py:821} INFO - Searching for files in /opt/airflow/dags
[2024-09-21T23:02:37.537+0000] {manager.py:824} INFO - There are 0 files in /opt/airflow/dags
[2024-09-21T23:07:38.379+0000] {manager.py:821} INFO - Searching for files in /opt/airflow/dags
[2024-09-21T23:07:38.398+0000] {manager.py:824} INFO - There are 0 files in /opt/airflow/dags
[2024-09-21T23:12:39.267+0000] {manager.py:821} INFO - Searching for files in /opt/airflow/dags
[2024-09-21T23:12:39.271+0000] {manager.py:824} INFO - There are 0 files in /opt/airflow/dags
[2024-09-21T23:17:39.549+0000] {manager.py:821} INFO - Searching for files in /opt/airflow/dags
[2024-09-21T23:17:39.551+0000] {manager.py:824} INFO - There are 0 files in /opt/airflow/dags
[2024-09-21T23:22:40.232+0000] {manager.py:821} INFO - Searching for files in /opt/airflow/dags
[2024-09-21T23:22:40.233+0000] {manager.py:824} INFO - There are 0 files in /opt/airflow/dags
[2024-09-21T23:27:40.888+0000] {manager.py:821} INFO - Searching for files in /opt/airflow/dags
[2024-09-21T23:27:40.890+0000] {manager.py:824} INFO - There are 0 files in /opt/airflow/dags
[2024-09-21T23:32:41.162+0000] {manager.py:821} INFO - Searching for files in /opt/airflow/dags
[2024-09-21T23:32:41.165+0000] {manager.py:824} INFO - There are 0 files in /opt/airflow/dags
[2024-09-21T23:37:41.736+0000] {manager.py:821} INFO - Searching for files in /opt/airflow/dags
[2024-09-21T23:37:41.739+0000] {manager.py:824} INFO - There are 0 files in /opt/airflow/dags
[2024-09-21T23:42:42.210+0000] {manager.py:821} INFO - Searching for files in /opt/airflow/dags
[2024-09-21T23:42:42.215+0000] {manager.py:824} INFO - There are 0 files in /opt/airflow/dags
[2024-09-21T23:47:43.172+0000] {manager.py:821} INFO - Searching for files in /opt/airflow/dags
[2024-09-21T23:47:43.181+0000] {manager.py:824} INFO - There are 0 files in /opt/airflow/dags
[2024-09-21T23:52:44.360+0000] {manager.py:821} INFO - Searching for files in /opt/airflow/dags
[2024-09-21T23:52:44.367+0000] {manager.py:824} INFO - There are 0 files in /opt/airflow/dags
[2024-09-21T23:57:45.659+0000] {manager.py:821} INFO - Searching for files in /opt/airflow/dags
[2024-09-21T23:57:45.663+0000] {manager.py:824} INFO - There are 0 files in /opt/airflow/dags
[2024-09-22T00:02:46.179+0000] {manager.py:821} INFO - Searching for files in /opt/airflow/dags
[2024-09-22T00:02:46.184+0000] {manager.py:824} INFO - There are 0 files in /opt/airflow/dags
[2024-09-22T00:07:46.835+0000] {manager.py:821} INFO - Searching for files in /opt/airflow/dags
[2024-09-22T00:07:46.839+0000] {manager.py:824} INFO - There are 0 files in /opt/airflow/dags
[2024-09-22T00:12:47.004+0000] {manager.py:821} INFO - Searching for files in /opt/airflow/dags
[2024-09-22T00:12:47.005+0000] {manager.py:824} INFO - There are 0 files in /opt/airflow/dags
[2024-09-22T00:17:47.862+0000] {manager.py:821} INFO - Searching for files in /opt/airflow/dags
[2024-09-22T00:17:47.867+0000] {manager.py:824} INFO - There are 0 files in /opt/airflow/dags
[2024-09-24T21:13:45.532+0000] {manager.py:483} INFO - Processing files using up to 1 processes at a time 
[2024-09-24T21:13:45.534+0000] {manager.py:484} INFO - Process each file at most once every 30 seconds
[2024-09-24T21:13:45.535+0000] {manager.py:485} INFO - Checking for new files in /opt/airflow/dags every 300 seconds
[2024-09-24T21:13:45.537+0000] {manager.py:821} INFO - Searching for files in /opt/airflow/dags
[2024-09-24T21:13:45.539+0000] {manager.py:824} INFO - There are 0 files in /opt/airflow/dags
[2024-09-24T21:18:45.827+0000] {manager.py:821} INFO - Searching for files in /opt/airflow/dags
[2024-09-24T21:18:45.830+0000] {manager.py:824} INFO - There are 0 files in /opt/airflow/dags
[2024-09-24T21:23:45.939+0000] {manager.py:821} INFO - Searching for files in /opt/airflow/dags
[2024-09-24T21:23:45.941+0000] {manager.py:824} INFO - There are 0 files in /opt/airflow/dags
[2024-09-24T21:28:47.003+0000] {manager.py:821} INFO - Searching for files in /opt/airflow/dags
[2024-09-24T21:28:47.006+0000] {manager.py:824} INFO - There are 0 files in /opt/airflow/dags
[2024-09-24T21:33:48.256+0000] {manager.py:821} INFO - Searching for files in /opt/airflow/dags
[2024-09-24T21:33:48.299+0000] {manager.py:824} INFO - There are 0 files in /opt/airflow/dags
[2024-09-24T21:37:52.625+0000] {manager.py:483} INFO - Processing files using up to 1 processes at a time 
[2024-09-24T21:37:52.627+0000] {manager.py:484} INFO - Process each file at most once every 30 seconds
[2024-09-24T21:37:52.628+0000] {manager.py:485} INFO - Checking for new files in /opt/airflow/dags every 300 seconds
[2024-09-24T21:37:52.630+0000] {manager.py:821} INFO - Searching for files in /opt/airflow/dags
[2024-09-24T21:37:52.638+0000] {manager.py:824} INFO - There are 0 files in /opt/airflow/dags
[2024-09-24T21:42:53.118+0000] {manager.py:821} INFO - Searching for files in /opt/airflow/dags
[2024-09-24T21:42:53.130+0000] {manager.py:824} INFO - There are 0 files in /opt/airflow/dags
[2024-09-24T21:47:53.245+0000] {manager.py:821} INFO - Searching for files in /opt/airflow/dags
[2024-09-24T21:47:53.247+0000] {manager.py:824} INFO - There are 0 files in /opt/airflow/dags
[2024-09-24T21:52:53.539+0000] {manager.py:821} INFO - Searching for files in /opt/airflow/dags
[2024-09-24T21:52:53.543+0000] {manager.py:824} INFO - There are 0 files in /opt/airflow/dags
[2024-09-24T21:57:53.921+0000] {manager.py:821} INFO - Searching for files in /opt/airflow/dags
[2024-09-24T21:57:53.922+0000] {manager.py:824} INFO - There are 0 files in /opt/airflow/dags
[2024-09-24T22:02:54.329+0000] {manager.py:821} INFO - Searching for files in /opt/airflow/dags
[2024-09-24T22:02:54.335+0000] {manager.py:824} INFO - There are 0 files in /opt/airflow/dags
[2024-09-24T22:51:53.613+0000] {manager.py:821} INFO - Searching for files in /opt/airflow/dags
[2024-09-24T22:51:53.690+0000] {manager.py:824} INFO - There are 0 files in /opt/airflow/dags
[2024-09-24T22:56:53.783+0000] {manager.py:821} INFO - Searching for files in /opt/airflow/dags
[2024-09-24T22:56:53.787+0000] {manager.py:824} INFO - There are 0 files in /opt/airflow/dags
[2024-09-24T23:01:53.849+0000] {manager.py:821} INFO - Searching for files in /opt/airflow/dags
[2024-09-24T23:01:53.851+0000] {manager.py:824} INFO - There are 0 files in /opt/airflow/dags
[2024-09-24T23:06:54.407+0000] {manager.py:821} INFO - Searching for files in /opt/airflow/dags
[2024-09-24T23:06:54.424+0000] {manager.py:824} INFO - There are 0 files in /opt/airflow/dags
[2024-09-24T23:11:54.895+0000] {manager.py:821} INFO - Searching for files in /opt/airflow/dags
[2024-09-24T23:11:54.906+0000] {manager.py:824} INFO - There are 0 files in /opt/airflow/dags
[2024-09-24T23:16:55.585+0000] {manager.py:821} INFO - Searching for files in /opt/airflow/dags
[2024-09-24T23:16:55.588+0000] {manager.py:824} INFO - There are 0 files in /opt/airflow/dags
[2024-09-24T23:21:56.432+0000] {manager.py:821} INFO - Searching for files in /opt/airflow/dags
[2024-09-24T23:21:56.437+0000] {manager.py:824} INFO - There are 0 files in /opt/airflow/dags
[2024-09-24T23:26:57.281+0000] {manager.py:821} INFO - Searching for files in /opt/airflow/dags
[2024-09-24T23:26:57.283+0000] {manager.py:824} INFO - There are 0 files in /opt/airflow/dags
[2024-09-24T23:31:58.494+0000] {manager.py:821} INFO - Searching for files in /opt/airflow/dags
[2024-09-24T23:31:58.496+0000] {manager.py:824} INFO - There are 0 files in /opt/airflow/dags
[2024-09-24T23:36:58.758+0000] {manager.py:821} INFO - Searching for files in /opt/airflow/dags
[2024-09-24T23:36:58.759+0000] {manager.py:824} INFO - There are 0 files in /opt/airflow/dags
[2024-09-24T23:41:59.469+0000] {manager.py:821} INFO - Searching for files in /opt/airflow/dags
[2024-09-24T23:41:59.471+0000] {manager.py:824} INFO - There are 0 files in /opt/airflow/dags
[2024-09-24T23:46:59.877+0000] {manager.py:821} INFO - Searching for files in /opt/airflow/dags
[2024-09-24T23:46:59.902+0000] {manager.py:824} INFO - There are 0 files in /opt/airflow/dags
[2024-09-24T23:52:00.193+0000] {manager.py:821} INFO - Searching for files in /opt/airflow/dags
[2024-09-24T23:52:00.197+0000] {manager.py:824} INFO - There are 0 files in /opt/airflow/dags
[2024-09-24T23:57:00.834+0000] {manager.py:821} INFO - Searching for files in /opt/airflow/dags
[2024-09-24T23:57:00.847+0000] {manager.py:824} INFO - There are 0 files in /opt/airflow/dags
[2024-09-25T00:02:01.589+0000] {manager.py:821} INFO - Searching for files in /opt/airflow/dags
[2024-09-25T00:02:01.593+0000] {manager.py:824} INFO - There are 0 files in /opt/airflow/dags
[2024-09-25T00:07:02.214+0000] {manager.py:821} INFO - Searching for files in /opt/airflow/dags
[2024-09-25T00:07:02.217+0000] {manager.py:824} INFO - There are 0 files in /opt/airflow/dags
[2024-09-25T00:12:02.659+0000] {manager.py:821} INFO - Searching for files in /opt/airflow/dags
[2024-09-25T00:12:02.676+0000] {manager.py:824} INFO - There are 0 files in /opt/airflow/dags
[2024-09-25T00:17:02.963+0000] {manager.py:821} INFO - Searching for files in /opt/airflow/dags
[2024-09-25T00:17:02.971+0000] {manager.py:824} INFO - There are 0 files in /opt/airflow/dags
[2024-09-25T00:22:03.251+0000] {manager.py:821} INFO - Searching for files in /opt/airflow/dags
[2024-09-25T00:22:03.258+0000] {manager.py:824} INFO - There are 0 files in /opt/airflow/dags
[2024-09-25T00:27:04.090+0000] {manager.py:821} INFO - Searching for files in /opt/airflow/dags
[2024-09-25T00:27:04.098+0000] {manager.py:824} INFO - There are 0 files in /opt/airflow/dags
[2024-09-25T00:32:04.977+0000] {manager.py:821} INFO - Searching for files in /opt/airflow/dags
[2024-09-25T00:32:04.982+0000] {manager.py:824} INFO - There are 0 files in /opt/airflow/dags
[2024-09-25T00:35:12.105+0000] {manager.py:465} INFO - Exiting gracefully upon receiving signal 15
[2024-09-25T01:04:45.541+0000] {manager.py:483} INFO - Processing files using up to 1 processes at a time 
[2024-09-25T01:04:45.544+0000] {manager.py:484} INFO - Process each file at most once every 30 seconds
[2024-09-25T01:04:45.545+0000] {manager.py:485} INFO - Checking for new files in /opt/airflow/dags every 300 seconds
[2024-09-25T01:04:45.547+0000] {manager.py:821} INFO - Searching for files in /opt/airflow/dags
[2024-09-25T01:04:45.549+0000] {manager.py:824} INFO - There are 0 files in /opt/airflow/dags
[2024-09-25T01:09:46.443+0000] {manager.py:821} INFO - Searching for files in /opt/airflow/dags
[2024-09-25T01:09:46.468+0000] {manager.py:824} INFO - There are 0 files in /opt/airflow/dags
[2024-09-25T01:14:46.920+0000] {manager.py:821} INFO - Searching for files in /opt/airflow/dags
[2024-09-25T01:14:46.921+0000] {manager.py:824} INFO - There are 0 files in /opt/airflow/dags
[2024-09-25T01:19:47.046+0000] {manager.py:821} INFO - Searching for files in /opt/airflow/dags
[2024-09-25T01:19:47.048+0000] {manager.py:824} INFO - There are 0 files in /opt/airflow/dags
[2024-09-25T01:24:48.225+0000] {manager.py:821} INFO - Searching for files in /opt/airflow/dags
[2024-09-25T01:24:48.229+0000] {manager.py:824} INFO - There are 0 files in /opt/airflow/dags
[2024-09-25T01:29:48.487+0000] {manager.py:821} INFO - Searching for files in /opt/airflow/dags
[2024-09-25T01:29:48.490+0000] {manager.py:824} INFO - There are 0 files in /opt/airflow/dags
[2024-09-25T01:34:49.705+0000] {manager.py:821} INFO - Searching for files in /opt/airflow/dags
[2024-09-25T01:34:49.710+0000] {manager.py:824} INFO - There are 0 files in /opt/airflow/dags
[2024-09-25T01:39:49.723+0000] {manager.py:821} INFO - Searching for files in /opt/airflow/dags
[2024-09-25T01:39:49.724+0000] {manager.py:824} INFO - There are 0 files in /opt/airflow/dags
[2024-09-25T01:44:51.328+0000] {manager.py:821} INFO - Searching for files in /opt/airflow/dags
[2024-09-25T01:44:51.333+0000] {manager.py:824} INFO - There are 0 files in /opt/airflow/dags
[2024-09-25T01:49:52.164+0000] {manager.py:821} INFO - Searching for files in /opt/airflow/dags
[2024-09-25T01:49:52.168+0000] {manager.py:824} INFO - There are 0 files in /opt/airflow/dags
[2024-09-25T01:54:52.184+0000] {manager.py:821} INFO - Searching for files in /opt/airflow/dags
[2024-09-25T01:54:52.186+0000] {manager.py:824} INFO - There are 0 files in /opt/airflow/dags
[2024-09-26T20:28:58.918+0000] {manager.py:483} INFO - Processing files using up to 1 processes at a time 
[2024-09-26T20:28:58.932+0000] {manager.py:484} INFO - Process each file at most once every 30 seconds
[2024-09-26T20:28:58.934+0000] {manager.py:485} INFO - Checking for new files in /opt/airflow/dags every 300 seconds
[2024-09-26T20:28:58.947+0000] {manager.py:821} INFO - Searching for files in /opt/airflow/dags
[2024-09-26T20:28:58.953+0000] {manager.py:824} INFO - There are 0 files in /opt/airflow/dags
[2024-09-26T20:33:59.373+0000] {manager.py:821} INFO - Searching for files in /opt/airflow/dags
[2024-09-26T20:33:59.375+0000] {manager.py:824} INFO - There are 0 files in /opt/airflow/dags
[2024-09-26T20:38:59.484+0000] {manager.py:821} INFO - Searching for files in /opt/airflow/dags
[2024-09-26T20:38:59.486+0000] {manager.py:824} INFO - There are 0 files in /opt/airflow/dags
[2024-09-26T20:43:59.929+0000] {manager.py:821} INFO - Searching for files in /opt/airflow/dags
[2024-09-26T20:43:59.932+0000] {manager.py:824} INFO - There are 0 files in /opt/airflow/dags
[2024-09-26T20:49:00.120+0000] {manager.py:821} INFO - Searching for files in /opt/airflow/dags
[2024-09-26T20:49:00.122+0000] {manager.py:824} INFO - There are 0 files in /opt/airflow/dags
[2024-09-26T20:53:46.876+0000] {manager.py:483} INFO - Processing files using up to 1 processes at a time 
[2024-09-26T20:53:46.878+0000] {manager.py:484} INFO - Process each file at most once every 30 seconds
[2024-09-26T20:53:46.880+0000] {manager.py:485} INFO - Checking for new files in /opt/airflow/dags every 300 seconds
[2024-09-26T20:53:46.881+0000] {manager.py:821} INFO - Searching for files in /opt/airflow/dags
[2024-09-26T20:53:46.885+0000] {manager.py:824} INFO - There are 0 files in /opt/airflow/dags
[2024-09-26T20:58:47.831+0000] {manager.py:821} INFO - Searching for files in /opt/airflow/dags
[2024-09-26T20:58:47.835+0000] {manager.py:824} INFO - There are 0 files in /opt/airflow/dags
[2024-09-26T21:03:48.835+0000] {manager.py:821} INFO - Searching for files in /opt/airflow/dags
[2024-09-26T21:03:48.837+0000] {manager.py:824} INFO - There are 0 files in /opt/airflow/dags
[2024-09-26T21:08:49.221+0000] {manager.py:821} INFO - Searching for files in /opt/airflow/dags
[2024-09-26T21:08:49.223+0000] {manager.py:824} INFO - There are 0 files in /opt/airflow/dags
[2024-09-26T21:13:49.676+0000] {manager.py:821} INFO - Searching for files in /opt/airflow/dags
[2024-09-26T21:13:49.683+0000] {manager.py:824} INFO - There are 0 files in /opt/airflow/dags
[2024-09-26T21:18:49.774+0000] {manager.py:821} INFO - Searching for files in /opt/airflow/dags
[2024-09-26T21:18:49.778+0000] {manager.py:824} INFO - There are 0 files in /opt/airflow/dags
[2024-09-26T21:23:50.887+0000] {manager.py:821} INFO - Searching for files in /opt/airflow/dags
[2024-09-26T21:23:50.892+0000] {manager.py:824} INFO - There are 0 files in /opt/airflow/dags
[2024-09-26T21:28:52.308+0000] {manager.py:821} INFO - Searching for files in /opt/airflow/dags
[2024-09-26T21:28:52.316+0000] {manager.py:824} INFO - There are 0 files in /opt/airflow/dags
[2024-09-26T21:33:52.442+0000] {manager.py:821} INFO - Searching for files in /opt/airflow/dags
[2024-09-26T21:33:52.445+0000] {manager.py:824} INFO - There are 0 files in /opt/airflow/dags
[2024-09-26T21:38:52.885+0000] {manager.py:821} INFO - Searching for files in /opt/airflow/dags
[2024-09-26T21:38:52.889+0000] {manager.py:824} INFO - There are 0 files in /opt/airflow/dags
[2024-09-26T21:43:53.833+0000] {manager.py:821} INFO - Searching for files in /opt/airflow/dags
[2024-09-26T21:43:53.845+0000] {manager.py:824} INFO - There are 0 files in /opt/airflow/dags
[2024-09-26T21:48:54.815+0000] {manager.py:821} INFO - Searching for files in /opt/airflow/dags
[2024-09-26T21:48:54.819+0000] {manager.py:824} INFO - There are 0 files in /opt/airflow/dags
[2024-09-26T21:51:12.467+0000] {manager.py:483} INFO - Processing files using up to 1 processes at a time 
[2024-09-26T21:51:12.480+0000] {manager.py:484} INFO - Process each file at most once every 30 seconds
[2024-09-26T21:51:12.482+0000] {manager.py:485} INFO - Checking for new files in /opt/airflow/dags every 300 seconds
[2024-09-26T21:51:12.483+0000] {manager.py:821} INFO - Searching for files in /opt/airflow/dags
[2024-09-26T21:51:12.486+0000] {manager.py:824} INFO - There are 0 files in /opt/airflow/dags
[2024-09-26T21:56:13.343+0000] {manager.py:821} INFO - Searching for files in /opt/airflow/dags
[2024-09-26T21:56:13.355+0000] {manager.py:824} INFO - There are 0 files in /opt/airflow/dags
[2024-09-26T22:01:13.721+0000] {manager.py:821} INFO - Searching for files in /opt/airflow/dags
[2024-09-26T22:01:13.724+0000] {manager.py:824} INFO - There are 0 files in /opt/airflow/dags
[2024-09-27T00:39:31.422+0000] {manager.py:821} INFO - Searching for files in /opt/airflow/dags
[2024-09-27T00:39:31.430+0000] {manager.py:824} INFO - There are 0 files in /opt/airflow/dags
[2024-09-27T00:44:32.086+0000] {manager.py:821} INFO - Searching for files in /opt/airflow/dags
[2024-09-27T00:44:32.092+0000] {manager.py:824} INFO - There are 0 files in /opt/airflow/dags
[2024-09-27T00:49:32.928+0000] {manager.py:821} INFO - Searching for files in /opt/airflow/dags
[2024-09-27T00:49:32.936+0000] {manager.py:824} INFO - There are 0 files in /opt/airflow/dags
[2024-09-27T00:54:33.294+0000] {manager.py:821} INFO - Searching for files in /opt/airflow/dags
[2024-09-27T00:54:33.297+0000] {manager.py:824} INFO - There are 0 files in /opt/airflow/dags
[2024-09-27T00:59:34.250+0000] {manager.py:821} INFO - Searching for files in /opt/airflow/dags
[2024-09-27T00:59:34.258+0000] {manager.py:824} INFO - There are 0 files in /opt/airflow/dags
[2024-09-27T01:04:35.286+0000] {manager.py:821} INFO - Searching for files in /opt/airflow/dags
[2024-09-27T01:04:35.288+0000] {manager.py:824} INFO - There are 0 files in /opt/airflow/dags
[2024-09-27T01:09:36.491+0000] {manager.py:821} INFO - Searching for files in /opt/airflow/dags
[2024-09-27T01:09:36.519+0000] {manager.py:824} INFO - There are 0 files in /opt/airflow/dags
[2024-09-27T01:14:37.001+0000] {manager.py:821} INFO - Searching for files in /opt/airflow/dags
[2024-09-27T01:14:37.005+0000] {manager.py:824} INFO - There are 0 files in /opt/airflow/dags
[2024-09-27T01:19:37.584+0000] {manager.py:821} INFO - Searching for files in /opt/airflow/dags
[2024-09-27T01:19:37.588+0000] {manager.py:824} INFO - There are 0 files in /opt/airflow/dags
[2024-09-27T01:24:38.036+0000] {manager.py:821} INFO - Searching for files in /opt/airflow/dags
[2024-09-27T01:24:38.048+0000] {manager.py:824} INFO - There are 0 files in /opt/airflow/dags
[2024-09-27T01:27:32.537+0000] {manager.py:465} INFO - Exiting gracefully upon receiving signal 15
[2024-09-27T01:29:09.383+0000] {manager.py:483} INFO - Processing files using up to 1 processes at a time 
[2024-09-27T01:29:09.397+0000] {manager.py:484} INFO - Process each file at most once every 30 seconds
[2024-09-27T01:29:09.415+0000] {manager.py:485} INFO - Checking for new files in /opt/airflow/dags every 300 seconds
[2024-09-27T01:29:09.449+0000] {manager.py:821} INFO - Searching for files in /opt/airflow/dags
[2024-09-27T01:29:09.473+0000] {manager.py:824} INFO - There are 0 files in /opt/airflow/dags
[2024-09-27T01:34:14.412+0000] {manager.py:821} INFO - Searching for files in /opt/airflow/dags
[2024-09-27T01:34:14.859+0000] {manager.py:824} INFO - There are 0 files in /opt/airflow/dags
[2024-09-27T01:39:15.141+0000] {manager.py:821} INFO - Searching for files in /opt/airflow/dags
[2024-09-27T01:39:15.150+0000] {manager.py:824} INFO - There are 0 files in /opt/airflow/dags
[2024-09-27T01:44:08.964+0000] {manager.py:483} INFO - Processing files using up to 1 processes at a time 
[2024-09-27T01:44:08.965+0000] {manager.py:484} INFO - Process each file at most once every 30 seconds
[2024-09-27T01:44:08.966+0000] {manager.py:485} INFO - Checking for new files in /opt/airflow/dags every 300 seconds
[2024-09-27T01:44:08.968+0000] {manager.py:821} INFO - Searching for files in /opt/airflow/dags
[2024-09-27T01:44:08.970+0000] {manager.py:824} INFO - There are 0 files in /opt/airflow/dags
[2024-09-27T01:49:09.937+0000] {manager.py:821} INFO - Searching for files in /opt/airflow/dags
[2024-09-27T01:49:09.947+0000] {manager.py:824} INFO - There are 0 files in /opt/airflow/dags
[2024-09-27T01:54:11.161+0000] {manager.py:821} INFO - Searching for files in /opt/airflow/dags
[2024-09-27T01:54:11.180+0000] {manager.py:824} INFO - There are 0 files in /opt/airflow/dags
[2024-09-27T01:59:15.667+0000] {manager.py:821} INFO - Searching for files in /opt/airflow/dags
[2024-09-27T01:59:15.939+0000] {manager.py:824} INFO - There are 0 files in /opt/airflow/dags
[2024-09-27T02:04:16.396+0000] {manager.py:821} INFO - Searching for files in /opt/airflow/dags
[2024-09-27T02:04:16.400+0000] {manager.py:824} INFO - There are 0 files in /opt/airflow/dags
